0 info it worked if it ends with ok
1 verbose cli [ '/usr/local/bin/node', '/usr/local/bin/npm', 'install' ]
2 info using npm@4.1.2
3 info using node@v7.6.0
4 silly loadCurrentTree Starting
5 silly install loadCurrentTree
6 silly install readLocalPackageData
7 silly install normalizeTree
8 silly loadCurrentTree Finishing
9 silly loadIdealTree Starting
10 silly install loadIdealTree
11 silly cloneCurrentTree Starting
12 silly install cloneCurrentTreeToIdealTree
13 silly cloneCurrentTree Finishing
14 silly loadShrinkwrap Starting
15 silly install loadShrinkwrap
16 silly loadShrinkwrap Finishing
17 silly loadAllDepsIntoIdealTree Starting
18 silly install loadAllDepsIntoIdealTree
19 silly fetchNamedPackageData async
20 silly mapToRegistry name async
21 silly mapToRegistry using default registry
22 silly mapToRegistry registry https://registry.npmjs.org/
23 silly mapToRegistry data Result {
23 silly mapToRegistry   raw: 'async',
23 silly mapToRegistry   scope: null,
23 silly mapToRegistry   escapedName: 'async',
23 silly mapToRegistry   name: 'async',
23 silly mapToRegistry   rawSpec: '',
23 silly mapToRegistry   spec: 'latest',
23 silly mapToRegistry   type: 'tag' }
24 silly mapToRegistry uri https://registry.npmjs.org/async
25 silly fetchNamedPackageData dateformat
26 silly mapToRegistry name dateformat
27 silly mapToRegistry using default registry
28 silly mapToRegistry registry https://registry.npmjs.org/
29 silly mapToRegistry data Result {
29 silly mapToRegistry   raw: 'dateformat',
29 silly mapToRegistry   scope: null,
29 silly mapToRegistry   escapedName: 'dateformat',
29 silly mapToRegistry   name: 'dateformat',
29 silly mapToRegistry   rawSpec: '',
29 silly mapToRegistry   spec: 'latest',
29 silly mapToRegistry   type: 'tag' }
30 silly mapToRegistry uri https://registry.npmjs.org/dateformat
31 silly fetchNamedPackageData fs
32 silly mapToRegistry name fs
33 silly mapToRegistry using default registry
34 silly mapToRegistry registry https://registry.npmjs.org/
35 silly mapToRegistry data Result {
35 silly mapToRegistry   raw: 'fs',
35 silly mapToRegistry   scope: null,
35 silly mapToRegistry   escapedName: 'fs',
35 silly mapToRegistry   name: 'fs',
35 silly mapToRegistry   rawSpec: '',
35 silly mapToRegistry   spec: 'latest',
35 silly mapToRegistry   type: 'tag' }
36 silly mapToRegistry uri https://registry.npmjs.org/fs
37 silly fetchNamedPackageData https
38 silly mapToRegistry name https
39 silly mapToRegistry using default registry
40 silly mapToRegistry registry https://registry.npmjs.org/
41 silly mapToRegistry data Result {
41 silly mapToRegistry   raw: 'https',
41 silly mapToRegistry   scope: null,
41 silly mapToRegistry   escapedName: 'https',
41 silly mapToRegistry   name: 'https',
41 silly mapToRegistry   rawSpec: '',
41 silly mapToRegistry   spec: 'latest',
41 silly mapToRegistry   type: 'tag' }
42 silly mapToRegistry uri https://registry.npmjs.org/https
43 silly fetchNamedPackageData mysql
44 silly mapToRegistry name mysql
45 silly mapToRegistry using default registry
46 silly mapToRegistry registry https://registry.npmjs.org/
47 silly mapToRegistry data Result {
47 silly mapToRegistry   raw: 'mysql',
47 silly mapToRegistry   scope: null,
47 silly mapToRegistry   escapedName: 'mysql',
47 silly mapToRegistry   name: 'mysql',
47 silly mapToRegistry   rawSpec: '',
47 silly mapToRegistry   spec: 'latest',
47 silly mapToRegistry   type: 'tag' }
48 silly mapToRegistry uri https://registry.npmjs.org/mysql
49 silly fetchNamedPackageData path
50 silly mapToRegistry name path
51 silly mapToRegistry using default registry
52 silly mapToRegistry registry https://registry.npmjs.org/
53 silly mapToRegistry data Result {
53 silly mapToRegistry   raw: 'path',
53 silly mapToRegistry   scope: null,
53 silly mapToRegistry   escapedName: 'path',
53 silly mapToRegistry   name: 'path',
53 silly mapToRegistry   rawSpec: '',
53 silly mapToRegistry   spec: 'latest',
53 silly mapToRegistry   type: 'tag' }
54 silly mapToRegistry uri https://registry.npmjs.org/path
55 silly fetchNamedPackageData request
56 silly mapToRegistry name request
57 silly mapToRegistry using default registry
58 silly mapToRegistry registry https://registry.npmjs.org/
59 silly mapToRegistry data Result {
59 silly mapToRegistry   raw: 'request',
59 silly mapToRegistry   scope: null,
59 silly mapToRegistry   escapedName: 'request',
59 silly mapToRegistry   name: 'request',
59 silly mapToRegistry   rawSpec: '',
59 silly mapToRegistry   spec: 'latest',
59 silly mapToRegistry   type: 'tag' }
60 silly mapToRegistry uri https://registry.npmjs.org/request
61 silly fetchNamedPackageData q
62 silly mapToRegistry name q
63 silly mapToRegistry using default registry
64 silly mapToRegistry registry https://registry.npmjs.org/
65 silly mapToRegistry data Result {
65 silly mapToRegistry   raw: 'q',
65 silly mapToRegistry   scope: null,
65 silly mapToRegistry   escapedName: 'q',
65 silly mapToRegistry   name: 'q',
65 silly mapToRegistry   rawSpec: '',
65 silly mapToRegistry   spec: 'latest',
65 silly mapToRegistry   type: 'tag' }
66 silly mapToRegistry uri https://registry.npmjs.org/q
67 silly fetchNamedPackageData querystring
68 silly mapToRegistry name querystring
69 silly mapToRegistry using default registry
70 silly mapToRegistry registry https://registry.npmjs.org/
71 silly mapToRegistry data Result {
71 silly mapToRegistry   raw: 'querystring',
71 silly mapToRegistry   scope: null,
71 silly mapToRegistry   escapedName: 'querystring',
71 silly mapToRegistry   name: 'querystring',
71 silly mapToRegistry   rawSpec: '',
71 silly mapToRegistry   spec: 'latest',
71 silly mapToRegistry   type: 'tag' }
72 silly mapToRegistry uri https://registry.npmjs.org/querystring
73 silly fetchNamedPackageData sleep
74 silly mapToRegistry name sleep
75 silly mapToRegistry using default registry
76 silly mapToRegistry registry https://registry.npmjs.org/
77 silly mapToRegistry data Result {
77 silly mapToRegistry   raw: 'sleep',
77 silly mapToRegistry   scope: null,
77 silly mapToRegistry   escapedName: 'sleep',
77 silly mapToRegistry   name: 'sleep',
77 silly mapToRegistry   rawSpec: '',
77 silly mapToRegistry   spec: 'latest',
77 silly mapToRegistry   type: 'tag' }
78 silly mapToRegistry uri https://registry.npmjs.org/sleep
79 silly fetchNamedPackageData url
80 silly mapToRegistry name url
81 silly mapToRegistry using default registry
82 silly mapToRegistry registry https://registry.npmjs.org/
83 silly mapToRegistry data Result {
83 silly mapToRegistry   raw: 'url',
83 silly mapToRegistry   scope: null,
83 silly mapToRegistry   escapedName: 'url',
83 silly mapToRegistry   name: 'url',
83 silly mapToRegistry   rawSpec: '',
83 silly mapToRegistry   spec: 'latest',
83 silly mapToRegistry   type: 'tag' }
84 silly mapToRegistry uri https://registry.npmjs.org/url
85 silly fetchNamedPackageData striptags
86 silly mapToRegistry name striptags
87 silly mapToRegistry using default registry
88 silly mapToRegistry registry https://registry.npmjs.org/
89 silly mapToRegistry data Result {
89 silly mapToRegistry   raw: 'striptags',
89 silly mapToRegistry   scope: null,
89 silly mapToRegistry   escapedName: 'striptags',
89 silly mapToRegistry   name: 'striptags',
89 silly mapToRegistry   rawSpec: '',
89 silly mapToRegistry   spec: 'latest',
89 silly mapToRegistry   type: 'tag' }
90 silly mapToRegistry uri https://registry.npmjs.org/striptags
91 verbose request uri https://registry.npmjs.org/dateformat
92 verbose request no auth needed
93 info attempt registry request try #1 at 8:24:43 PM
94 verbose request id 87999242ad6c6486
95 verbose etag W/"57d11e71-189"
96 verbose lastModified Thu, 08 Sep 2016 08:16:49 GMT
97 http request GET https://registry.npmjs.org/dateformat
98 verbose request uri https://registry.npmjs.org/fs
99 verbose request no auth needed
100 info attempt registry request try #1 at 8:24:43 PM
101 verbose etag W/"595c5277-dae"
102 verbose lastModified Wed, 05 Jul 2017 02:44:07 GMT
103 http request GET https://registry.npmjs.org/fs
104 verbose request uri https://registry.npmjs.org/https
105 verbose request no auth needed
106 info attempt registry request try #1 at 8:24:43 PM
107 verbose etag W/"5949e322-529"
108 verbose lastModified Wed, 21 Jun 2017 03:08:18 GMT
109 http request GET https://registry.npmjs.org/https
110 verbose request uri https://registry.npmjs.org/async
111 verbose request no auth needed
112 info attempt registry request try #1 at 8:24:43 PM
113 verbose etag W/"598a8340-21d4d"
114 verbose lastModified Wed, 09 Aug 2017 03:36:32 GMT
115 http request GET https://registry.npmjs.org/async
116 verbose request uri https://registry.npmjs.org/path
117 verbose request no auth needed
118 info attempt registry request try #1 at 8:24:43 PM
119 verbose etag W/"598da0fb-17a1"
120 verbose lastModified Fri, 11 Aug 2017 12:20:11 GMT
121 http request GET https://registry.npmjs.org/path
122 verbose request uri https://registry.npmjs.org/mysql
123 verbose request no auth needed
124 info attempt registry request try #1 at 8:24:43 PM
125 verbose etag W/"5988d68c-2337e"
126 verbose lastModified Mon, 07 Aug 2017 21:07:24 GMT
127 http request GET https://registry.npmjs.org/mysql
128 verbose request uri https://registry.npmjs.org/request
129 verbose request no auth needed
130 info attempt registry request try #1 at 8:24:43 PM
131 verbose etag W/"598da165-37b06"
132 verbose lastModified Fri, 11 Aug 2017 12:21:57 GMT
133 http request GET https://registry.npmjs.org/request
134 verbose request uri https://registry.npmjs.org/querystring
135 verbose request no auth needed
136 info attempt registry request try #1 at 8:24:43 PM
137 verbose etag W/"598af822-1826"
138 verbose lastModified Wed, 09 Aug 2017 11:55:14 GMT
139 http request GET https://registry.npmjs.org/querystring
140 verbose request uri https://registry.npmjs.org/sleep
141 verbose request no auth needed
142 info attempt registry request try #1 at 8:24:43 PM
143 verbose etag W/"596f31af-56f7"
144 verbose lastModified Wed, 19 Jul 2017 10:17:19 GMT
145 http request GET https://registry.npmjs.org/sleep
146 verbose request uri https://registry.npmjs.org/url
147 verbose request no auth needed
148 info attempt registry request try #1 at 8:24:43 PM
149 verbose etag W/"5981fca8-2ff1"
150 verbose lastModified Wed, 02 Aug 2017 16:24:08 GMT
151 http request GET https://registry.npmjs.org/url
152 verbose request uri https://registry.npmjs.org/q
153 verbose request no auth needed
154 info attempt registry request try #1 at 8:24:43 PM
155 verbose etag W/"59805b16-24169"
156 verbose lastModified Tue, 01 Aug 2017 10:42:30 GMT
157 http request GET https://registry.npmjs.org/q
158 verbose request uri https://registry.npmjs.org/striptags
159 verbose request no auth needed
160 info attempt registry request try #1 at 8:24:43 PM
161 verbose etag W/"591928e2-4845"
162 verbose lastModified Mon, 15 May 2017 04:04:50 GMT
163 http request GET https://registry.npmjs.org/striptags
164 info retry will retry, error on last attempt: Error: connect ETIMEDOUT 185.31.17.162:443
165 info retry will retry, error on last attempt: Error: connect ETIMEDOUT 185.31.17.162:443
166 info retry will retry, error on last attempt: Error: connect ETIMEDOUT 185.31.17.162:443
167 info retry will retry, error on last attempt: Error: connect ETIMEDOUT 185.31.17.162:443
168 info retry will retry, error on last attempt: Error: connect ETIMEDOUT 185.31.17.162:443
169 info retry will retry, error on last attempt: Error: connect ETIMEDOUT 185.31.17.162:443
170 info retry will retry, error on last attempt: Error: connect ETIMEDOUT 185.31.17.162:443
171 info retry will retry, error on last attempt: Error: connect ETIMEDOUT 185.31.17.162:443
172 info retry will retry, error on last attempt: Error: connect ETIMEDOUT 185.31.17.162:443
173 info retry will retry, error on last attempt: Error: connect ETIMEDOUT 185.31.17.162:443
174 info retry will retry, error on last attempt: Error: connect ETIMEDOUT 185.31.17.162:443
175 info retry will retry, error on last attempt: Error: connect ETIMEDOUT 185.31.17.162:443
176 info attempt registry request try #2 at 8:26:08 PM
177 verbose etag W/"5949e322-529"
178 verbose lastModified Wed, 21 Jun 2017 03:08:18 GMT
179 http request GET https://registry.npmjs.org/https
180 info attempt registry request try #2 at 8:26:08 PM
181 verbose etag W/"595c5277-dae"
182 verbose lastModified Wed, 05 Jul 2017 02:44:07 GMT
183 http request GET https://registry.npmjs.org/fs
184 info attempt registry request try #2 at 8:26:08 PM
185 verbose etag W/"598a8340-21d4d"
186 verbose lastModified Wed, 09 Aug 2017 03:36:32 GMT
187 http request GET https://registry.npmjs.org/async
188 info attempt registry request try #2 at 8:26:08 PM
189 verbose etag W/"57d11e71-189"
190 verbose lastModified Thu, 08 Sep 2016 08:16:49 GMT
191 http request GET https://registry.npmjs.org/dateformat
192 info attempt registry request try #2 at 8:26:08 PM
193 verbose etag W/"591928e2-4845"
194 verbose lastModified Mon, 15 May 2017 04:04:50 GMT
195 http request GET https://registry.npmjs.org/striptags
196 info attempt registry request try #2 at 8:26:08 PM
197 verbose etag W/"59805b16-24169"
198 verbose lastModified Tue, 01 Aug 2017 10:42:30 GMT
199 http request GET https://registry.npmjs.org/q
200 info attempt registry request try #2 at 8:26:08 PM
201 verbose etag W/"5981fca8-2ff1"
202 verbose lastModified Wed, 02 Aug 2017 16:24:08 GMT
203 http request GET https://registry.npmjs.org/url
204 info attempt registry request try #2 at 8:26:08 PM
205 verbose etag W/"596f31af-56f7"
206 verbose lastModified Wed, 19 Jul 2017 10:17:19 GMT
207 http request GET https://registry.npmjs.org/sleep
208 info attempt registry request try #2 at 8:26:08 PM
209 verbose etag W/"598af822-1826"
210 verbose lastModified Wed, 09 Aug 2017 11:55:14 GMT
211 http request GET https://registry.npmjs.org/querystring
212 info attempt registry request try #2 at 8:26:08 PM
213 verbose etag W/"598da0fb-17a1"
214 verbose lastModified Fri, 11 Aug 2017 12:20:11 GMT
215 http request GET https://registry.npmjs.org/path
216 info attempt registry request try #2 at 8:26:08 PM
217 verbose etag W/"5988d68c-2337e"
218 verbose lastModified Mon, 07 Aug 2017 21:07:24 GMT
219 http request GET https://registry.npmjs.org/mysql
220 info attempt registry request try #2 at 8:26:08 PM
221 verbose etag W/"598da165-37b06"
222 verbose lastModified Fri, 11 Aug 2017 12:21:57 GMT
223 http request GET https://registry.npmjs.org/request
224 info retry will retry, error on last attempt: Error: connect ETIMEDOUT 185.31.17.162:443
225 info retry will retry, error on last attempt: Error: connect ETIMEDOUT 185.31.17.162:443
226 info retry will retry, error on last attempt: Error: connect ETIMEDOUT 185.31.17.162:443
227 info retry will retry, error on last attempt: Error: connect ETIMEDOUT 185.31.17.162:443
228 info retry will retry, error on last attempt: Error: connect ETIMEDOUT 185.31.17.162:443
229 info retry will retry, error on last attempt: Error: connect ETIMEDOUT 185.31.17.162:443
230 info retry will retry, error on last attempt: Error: connect ETIMEDOUT 185.31.17.162:443
231 info retry will retry, error on last attempt: Error: connect ETIMEDOUT 185.31.17.162:443
232 info retry will retry, error on last attempt: Error: connect ETIMEDOUT 185.31.17.162:443
233 info retry will retry, error on last attempt: Error: connect ETIMEDOUT 185.31.17.162:443
234 info retry will retry, error on last attempt: Error: connect ETIMEDOUT 185.31.17.162:443
235 info retry will retry, error on last attempt: Error: connect ETIMEDOUT 185.31.17.162:443
236 info attempt registry request try #3 at 8:28:24 PM
237 verbose etag W/"5949e322-529"
238 verbose lastModified Wed, 21 Jun 2017 03:08:18 GMT
239 http request GET https://registry.npmjs.org/https
240 info attempt registry request try #3 at 8:28:24 PM
241 verbose etag W/"598a8340-21d4d"
242 verbose lastModified Wed, 09 Aug 2017 03:36:32 GMT
243 http request GET https://registry.npmjs.org/async
244 info attempt registry request try #3 at 8:28:24 PM
245 verbose etag W/"595c5277-dae"
246 verbose lastModified Wed, 05 Jul 2017 02:44:07 GMT
247 http request GET https://registry.npmjs.org/fs
248 info attempt registry request try #3 at 8:28:24 PM
249 verbose etag W/"57d11e71-189"
250 verbose lastModified Thu, 08 Sep 2016 08:16:49 GMT
251 http request GET https://registry.npmjs.org/dateformat
252 info attempt registry request try #3 at 8:28:24 PM
253 verbose etag W/"59805b16-24169"
254 verbose lastModified Tue, 01 Aug 2017 10:42:30 GMT
255 http request GET https://registry.npmjs.org/q
256 info attempt registry request try #3 at 8:28:24 PM
257 verbose etag W/"591928e2-4845"
258 verbose lastModified Mon, 15 May 2017 04:04:50 GMT
259 http request GET https://registry.npmjs.org/striptags
260 info attempt registry request try #3 at 8:28:24 PM
261 verbose etag W/"5981fca8-2ff1"
262 verbose lastModified Wed, 02 Aug 2017 16:24:08 GMT
263 http request GET https://registry.npmjs.org/url
264 info attempt registry request try #3 at 8:28:24 PM
265 verbose etag W/"596f31af-56f7"
266 verbose lastModified Wed, 19 Jul 2017 10:17:19 GMT
267 http request GET https://registry.npmjs.org/sleep
268 info attempt registry request try #3 at 8:28:24 PM
269 verbose etag W/"5988d68c-2337e"
270 verbose lastModified Mon, 07 Aug 2017 21:07:24 GMT
271 http request GET https://registry.npmjs.org/mysql
272 info attempt registry request try #3 at 8:28:24 PM
273 verbose etag W/"598da165-37b06"
274 verbose lastModified Fri, 11 Aug 2017 12:21:57 GMT
275 http request GET https://registry.npmjs.org/request
276 info attempt registry request try #3 at 8:28:24 PM
277 verbose etag W/"598af822-1826"
278 verbose lastModified Wed, 09 Aug 2017 11:55:14 GMT
279 http request GET https://registry.npmjs.org/querystring
280 info attempt registry request try #3 at 8:28:24 PM
281 verbose etag W/"598da0fb-17a1"
282 verbose lastModified Fri, 11 Aug 2017 12:20:11 GMT
283 http request GET https://registry.npmjs.org/path
284 silly get cb [ 304, undefined ]
285 verbose etag https://registry.npmjs.org/async from cache
286 verbose get saving async to /Users/Andreea/.npm/registry.npmjs.org/async/.cache.json
287 verbose correctMkdir /Users/Andreea/.npm correctMkdir not in flight; initializing
288 silly get cb [ 304, undefined ]
289 verbose etag https://registry.npmjs.org/https from cache
290 verbose get saving https to /Users/Andreea/.npm/registry.npmjs.org/https/.cache.json
291 verbose correctMkdir /Users/Andreea/.npm correctMkdir already in flight; waiting
292 silly get cb [ 304, undefined ]
293 verbose etag https://registry.npmjs.org/fs from cache
294 verbose get saving fs to /Users/Andreea/.npm/registry.npmjs.org/fs/.cache.json
295 verbose correctMkdir /Users/Andreea/.npm correctMkdir already in flight; waiting
296 silly get cb [ 304, undefined ]
297 verbose etag https://registry.npmjs.org/dateformat from cache
298 verbose get saving dateFormat to /Users/Andreea/.npm/registry.npmjs.org/dateformat/.cache.json
299 verbose correctMkdir /Users/Andreea/.npm correctMkdir already in flight; waiting
300 silly get cb [ 304, undefined ]
301 verbose etag https://registry.npmjs.org/url from cache
302 verbose get saving url to /Users/Andreea/.npm/registry.npmjs.org/url/.cache.json
303 verbose correctMkdir /Users/Andreea/.npm correctMkdir already in flight; waiting
304 silly get cb [ 304, undefined ]
305 verbose etag https://registry.npmjs.org/striptags from cache
306 verbose get saving striptags to /Users/Andreea/.npm/registry.npmjs.org/striptags/.cache.json
307 verbose correctMkdir /Users/Andreea/.npm correctMkdir already in flight; waiting
308 silly get cb [ 304, undefined ]
309 verbose etag https://registry.npmjs.org/q from cache
310 verbose get saving q to /Users/Andreea/.npm/registry.npmjs.org/q/.cache.json
311 verbose correctMkdir /Users/Andreea/.npm correctMkdir already in flight; waiting
312 silly get cb [ 304, undefined ]
313 verbose etag https://registry.npmjs.org/path from cache
314 verbose get saving path to /Users/Andreea/.npm/registry.npmjs.org/path/.cache.json
315 verbose correctMkdir /Users/Andreea/.npm correctMkdir already in flight; waiting
316 silly get cb [ 304, undefined ]
317 verbose etag https://registry.npmjs.org/querystring from cache
318 verbose get saving querystring to /Users/Andreea/.npm/registry.npmjs.org/querystring/.cache.json
319 verbose correctMkdir /Users/Andreea/.npm correctMkdir already in flight; waiting
320 silly get cb [ 304, undefined ]
321 verbose etag https://registry.npmjs.org/request from cache
322 verbose get saving request to /Users/Andreea/.npm/registry.npmjs.org/request/.cache.json
323 verbose correctMkdir /Users/Andreea/.npm correctMkdir already in flight; waiting
324 silly get cb [ 304, undefined ]
325 verbose etag https://registry.npmjs.org/mysql from cache
326 verbose get saving mysql to /Users/Andreea/.npm/registry.npmjs.org/mysql/.cache.json
327 verbose correctMkdir /Users/Andreea/.npm correctMkdir already in flight; waiting
328 silly get cb [ 304, undefined ]
329 verbose etag https://registry.npmjs.org/sleep from cache
330 verbose get saving sleep to /Users/Andreea/.npm/registry.npmjs.org/sleep/.cache.json
331 verbose correctMkdir /Users/Andreea/.npm correctMkdir already in flight; waiting
332 silly pickManifestFromRegistryMetadata spec * tag latest versions [ '0.1.0',
332 silly pickManifestFromRegistryMetadata   '0.1.1',
332 silly pickManifestFromRegistryMetadata   '0.1.2',
332 silly pickManifestFromRegistryMetadata   '0.1.3',
332 silly pickManifestFromRegistryMetadata   '0.1.4',
332 silly pickManifestFromRegistryMetadata   '0.1.5',
332 silly pickManifestFromRegistryMetadata   '0.1.6',
332 silly pickManifestFromRegistryMetadata   '0.1.7',
332 silly pickManifestFromRegistryMetadata   '0.1.8',
332 silly pickManifestFromRegistryMetadata   '0.1.9',
332 silly pickManifestFromRegistryMetadata   '0.1.10',
332 silly pickManifestFromRegistryMetadata   '0.1.11',
332 silly pickManifestFromRegistryMetadata   '0.1.12',
332 silly pickManifestFromRegistryMetadata   '0.1.13',
332 silly pickManifestFromRegistryMetadata   '0.1.14',
332 silly pickManifestFromRegistryMetadata   '0.1.15',
332 silly pickManifestFromRegistryMetadata   '0.1.16',
332 silly pickManifestFromRegistryMetadata   '0.1.17',
332 silly pickManifestFromRegistryMetadata   '0.1.18',
332 silly pickManifestFromRegistryMetadata   '0.1.19',
332 silly pickManifestFromRegistryMetadata   '0.1.20',
332 silly pickManifestFromRegistryMetadata   '0.1.21',
332 silly pickManifestFromRegistryMetadata   '0.1.22',
332 silly pickManifestFromRegistryMetadata   '0.2.0',
332 silly pickManifestFromRegistryMetadata   '0.2.1',
332 silly pickManifestFromRegistryMetadata   '0.2.2',
332 silly pickManifestFromRegistryMetadata   '0.2.3',
332 silly pickManifestFromRegistryMetadata   '0.2.4',
332 silly pickManifestFromRegistryMetadata   '0.2.5',
332 silly pickManifestFromRegistryMetadata   '0.2.6',
332 silly pickManifestFromRegistryMetadata   '0.2.7',
332 silly pickManifestFromRegistryMetadata   '0.2.8',
332 silly pickManifestFromRegistryMetadata   '0.2.9',
332 silly pickManifestFromRegistryMetadata   '0.2.10',
332 silly pickManifestFromRegistryMetadata   '0.3.0',
332 silly pickManifestFromRegistryMetadata   '0.4.0',
332 silly pickManifestFromRegistryMetadata   '0.4.1',
332 silly pickManifestFromRegistryMetadata   '0.5.0',
332 silly pickManifestFromRegistryMetadata   '0.6.0',
332 silly pickManifestFromRegistryMetadata   '0.6.1',
332 silly pickManifestFromRegistryMetadata   '0.6.2',
332 silly pickManifestFromRegistryMetadata   '0.7.0',
332 silly pickManifestFromRegistryMetadata   '0.8.0',
332 silly pickManifestFromRegistryMetadata   '0.9.0',
332 silly pickManifestFromRegistryMetadata   '0.9.2',
332 silly pickManifestFromRegistryMetadata   '1.0.0',
332 silly pickManifestFromRegistryMetadata   '1.1.0',
332 silly pickManifestFromRegistryMetadata   '1.2.0',
332 silly pickManifestFromRegistryMetadata   '1.1.1',
332 silly pickManifestFromRegistryMetadata   '1.2.1',
332 silly pickManifestFromRegistryMetadata   '1.3.0',
332 silly pickManifestFromRegistryMetadata   '1.4.0',
332 silly pickManifestFromRegistryMetadata   '1.4.1',
332 silly pickManifestFromRegistryMetadata   '1.4.2',
332 silly pickManifestFromRegistryMetadata   '1.5.0',
332 silly pickManifestFromRegistryMetadata   '1.5.1',
332 silly pickManifestFromRegistryMetadata   '1.5.2',
332 silly pickManifestFromRegistryMetadata   '2.0.0-alpha.0',
332 silly pickManifestFromRegistryMetadata   '2.0.0-rc.1',
332 silly pickManifestFromRegistryMetadata   '2.0.0-rc.2',
332 silly pickManifestFromRegistryMetadata   '2.0.0-rc.3',
332 silly pickManifestFromRegistryMetadata   '2.0.0-rc.4',
332 silly pickManifestFromRegistryMetadata   '2.0.0-rc.5',
332 silly pickManifestFromRegistryMetadata   '2.0.0-rc.6',
332 silly pickManifestFromRegistryMetadata   '2.0.0',
332 silly pickManifestFromRegistryMetadata   '2.0.1',
332 silly pickManifestFromRegistryMetadata   '2.1.0',
332 silly pickManifestFromRegistryMetadata   '2.1.1',
332 silly pickManifestFromRegistryMetadata   '2.1.2',
332 silly pickManifestFromRegistryMetadata   '2.1.4',
332 silly pickManifestFromRegistryMetadata   '2.1.5',
332 silly pickManifestFromRegistryMetadata   '2.2.0',
332 silly pickManifestFromRegistryMetadata   '2.3.0',
332 silly pickManifestFromRegistryMetadata   '2.4.0',
332 silly pickManifestFromRegistryMetadata   '2.4.1',
332 silly pickManifestFromRegistryMetadata   '2.5.0' ]
333 silly resolveWithNewModule async@2.5.0 checking installable status
334 silly cache add args [ 'async@*', null ]
335 verbose cache add spec async@*
336 silly cache add parsed spec Result {
336 silly cache add   raw: 'async@*',
336 silly cache add   scope: null,
336 silly cache add   escapedName: 'async',
336 silly cache add   name: 'async',
336 silly cache add   rawSpec: '*',
336 silly cache add   spec: '*',
336 silly cache add   type: 'range' }
337 silly addNamed async@*
338 verbose addNamed "*" is a valid semver range for async
339 silly addNameRange { name: 'async', range: '*', hasData: false }
340 silly mapToRegistry name async
341 silly mapToRegistry using default registry
342 silly mapToRegistry registry https://registry.npmjs.org/
343 silly mapToRegistry data Result {
343 silly mapToRegistry   raw: 'async',
343 silly mapToRegistry   scope: null,
343 silly mapToRegistry   escapedName: 'async',
343 silly mapToRegistry   name: 'async',
343 silly mapToRegistry   rawSpec: '',
343 silly mapToRegistry   spec: 'latest',
343 silly mapToRegistry   type: 'tag' }
344 silly mapToRegistry uri https://registry.npmjs.org/async
345 verbose addNameRange registry:https://registry.npmjs.org/async not in flight; fetching
346 silly pickManifestFromRegistryMetadata spec * tag latest versions [ '0.4.9',
346 silly pickManifestFromRegistryMetadata   '0.7.9',
346 silly pickManifestFromRegistryMetadata   '0.10.0',
346 silly pickManifestFromRegistryMetadata   '0.10.1',
346 silly pickManifestFromRegistryMetadata   '0.10.2',
346 silly pickManifestFromRegistryMetadata   '0.10.3',
346 silly pickManifestFromRegistryMetadata   '0.11.0' ]
347 silly resolveWithNewModule url@0.11.0 checking installable status
348 silly cache add args [ 'url@*', null ]
349 verbose cache add spec url@*
350 silly cache add parsed spec Result {
350 silly cache add   raw: 'url@*',
350 silly cache add   scope: null,
350 silly cache add   escapedName: 'url',
350 silly cache add   name: 'url',
350 silly cache add   rawSpec: '*',
350 silly cache add   spec: '*',
350 silly cache add   type: 'range' }
351 silly addNamed url@*
352 verbose addNamed "*" is a valid semver range for url
353 silly addNameRange { name: 'url', range: '*', hasData: false }
354 silly mapToRegistry name url
355 silly mapToRegistry using default registry
356 silly mapToRegistry registry https://registry.npmjs.org/
357 silly mapToRegistry data Result {
357 silly mapToRegistry   raw: 'url',
357 silly mapToRegistry   scope: null,
357 silly mapToRegistry   escapedName: 'url',
357 silly mapToRegistry   name: 'url',
357 silly mapToRegistry   rawSpec: '',
357 silly mapToRegistry   spec: 'latest',
357 silly mapToRegistry   type: 'tag' }
358 silly mapToRegistry uri https://registry.npmjs.org/url
359 verbose addNameRange registry:https://registry.npmjs.org/url not in flight; fetching
360 silly pickManifestFromRegistryMetadata spec >=0.0.2 <0.0.3 tag latest versions [ '0.0.1-security', '0.0.0', '0.0.2' ]
361 silly resolveWithNewModule fs@0.0.2 checking installable status
362 silly cache add args [ 'fs@^0.0.2', null ]
363 verbose cache add spec fs@^0.0.2
364 silly cache add parsed spec Result {
364 silly cache add   raw: 'fs@^0.0.2',
364 silly cache add   scope: null,
364 silly cache add   escapedName: 'fs',
364 silly cache add   name: 'fs',
364 silly cache add   rawSpec: '^0.0.2',
364 silly cache add   spec: '>=0.0.2 <0.0.3',
364 silly cache add   type: 'range' }
365 silly addNamed fs@>=0.0.2 <0.0.3
366 verbose addNamed ">=0.0.2 <0.0.3" is a valid semver range for fs
367 silly addNameRange { name: 'fs', range: '>=0.0.2 <0.0.3', hasData: false }
368 silly mapToRegistry name fs
369 silly mapToRegistry using default registry
370 silly mapToRegistry registry https://registry.npmjs.org/
371 silly mapToRegistry data Result {
371 silly mapToRegistry   raw: 'fs',
371 silly mapToRegistry   scope: null,
371 silly mapToRegistry   escapedName: 'fs',
371 silly mapToRegistry   name: 'fs',
371 silly mapToRegistry   rawSpec: '',
371 silly mapToRegistry   spec: 'latest',
371 silly mapToRegistry   type: 'tag' }
372 silly mapToRegistry uri https://registry.npmjs.org/fs
373 verbose addNameRange registry:https://registry.npmjs.org/fs not in flight; fetching
374 verbose stack TypeError: Cannot convert undefined or null to object
374 verbose stack     at Function.keys (<anonymous>)
374 verbose stack     at pickVersionFromRegistryDocument (/usr/local/lib/node_modules/npm/lib/fetch-package-metadata.js:126:29)
374 verbose stack     at /usr/local/lib/node_modules/npm/node_modules/iferr/index.js:13:50
374 verbose stack     at /usr/local/lib/node_modules/npm/lib/utils/pulse-till-done.js:20:8
374 verbose stack     at saved (/usr/local/lib/node_modules/npm/lib/cache/caching-client.js:174:7)
374 verbose stack     at /usr/local/lib/node_modules/npm/node_modules/graceful-fs/polyfills.js:261:18
374 verbose stack     at FSReqWrap.oncomplete (fs.js:114:15)
375 verbose cwd /Users/Andreea/Dropbox/www/jive/zendesk-jive-migrator
376 error Darwin 15.6.0
377 error argv "/usr/local/bin/node" "/usr/local/bin/npm" "install"
378 error node v7.6.0
379 error npm  v4.1.2
380 error Cannot convert undefined or null to object
381 error If you need help, you may report this error at:
381 error     <https://github.com/npm/npm/issues>
382 verbose exit [ 1, true ]
